<?xml version="1.0" encoding="UTF-8"?>
<testsuite xmlns:xsi="http://www.w3.org/2001/XMLSchema-instance" xsi:noNamespaceSchemaLocation="https://maven.apache.org/surefire/maven-surefire-plugin/xsd/surefire-test-report-3.0.xsd" version="3.0" name="programmingtheiot.part01.unit.common.ConfigUtilTest" time="0.092" tests="7" errors="0" skipped="0" failures="0">
  <properties>
[...]
</properties>
  <testcase name="testGetIntegerProperty" classname="programmingtheiot.part01.unit.common.ConfigUtilTest" time="0.038"/>
  <testcase name="testGetCredentials" classname="programmingtheiot.part01.unit.common.ConfigUtilTest" time="0.019">
    <system-err><![CDATA[Feb 07, 2025 6:12:51 AM programmingtheiot.common.ConfigUtil getCredentials
INFO: Successfully loaded credentials from file: ./src/test/java/programmingtheiot/part01/unit/common/DummyCredFile.props
]]></system-err>
  </testcase>
  <testcase name="testHasSection" classname="programmingtheiot.part01.unit.common.ConfigUtilTest" time="0"/>
  <testcase name="testGetProperty" classname="programmingtheiot.part01.unit.common.ConfigUtilTest" time="0.001"/>
  <testcase name="testHasProperty" classname="programmingtheiot.part01.unit.common.ConfigUtilTest" time="0.001"/>
  <testcase name="testGetBooleanProperty" classname="programmingtheiot.part01.unit.common.ConfigUtilTest" time="0"/>
  <testcase name="testIsConfigDataLoaded" classname="programmingtheiot.part01.unit.common.ConfigUtilTest" time="0"/>
</testsuite>